SF:lib\models\news.dart
DA:4,3
DA:8,6
DA:9,15
DA:20,4
DA:28,6
DA:29,3
DA:30,3
DA:31,3
DA:32,3
DA:33,6
DA:36,2
DA:37,1
DA:38,1
DA:39,1
DA:40,1
DA:41,2
LF:16
LH:16
end_of_record
SF:lib\screens\detail\detail_screen.dart
DA:7,1
DA:10,1
DA:12,1
DA:13,1
DA:14,1
DA:15,2
DA:19,1
DA:21,1
DA:22,1
DA:23,1
DA:24,1
DA:25,2
DA:26,0
DA:29,1
DA:30,1
DA:31,1
DA:32,1
DA:33,0
DA:39,1
DA:40,2
DA:45,1
DA:46,2
LF:22
LH:20
end_of_record
SF:lib\apis\repository\api_repository.dart
DA:19,1
DA:21,1
DA:35,2
DA:37,4
DA:38,2
DA:39,1
LF:6
LH:6
end_of_record
SF:lib\screens\home\home_controller.dart
DA:12,2
DA:13,2
DA:16,2
DA:17,4
DA:18,2
DA:21,2
DA:22,4
DA:23,2
LF:8
LH:8
end_of_record
SF:lib\apis\api_service.dart
DA:8,0
DA:13,0
LF:2
LH:0
end_of_record
SF:lib\screens\home\home_screen.dart
DA:13,2
DA:15,1
DA:16,1
DA:28,1
DA:30,1
DA:31,1
DA:32,3
DA:35,1
DA:37,1
DA:38,4
DA:42,0
DA:49,0
DA:50,0
DA:51,0
DA:52,0
DA:53,0
DA:54,0
DA:56,0
DA:57,0
DA:58,0
DA:59,0
DA:71,0
DA:72,0
DA:73,0
DA:74,0
LF:25
LH:10
end_of_record
SF:lib\screens\splash_screen.dart
DA:8,1
DA:10,1
DA:11,1
LF:3
LH:3
end_of_record
